2026-03-10 01:22:35,302 INFO File created: ../../data\test.txt
2026-03-10 01:22:43,190 WARNING File integrity changed: ../../data\test.txt
2026-03-10 01:23:10,744 WARNING File deleted: ../../data\test.txt
2026-03-10 19:20:14,190 WARNING File integrity changed: ../../data\test.txt
2026-03-10 19:20:14,192 INFO Old Hash: d22b5661a88b9323de79eb718f1a037a9cb7c161bd00cc334beebdc3737ef2e6
2026-03-10 19:20:14,193 INFO New Hash: 53bae9a3e2f87d5152002a287e741e14382d0b3a7189286edbb5b579576d891c
2026-03-10 19:20:14,880 INFO File hash not found in VirusTotal database: 53bae9a3e2f87d5152002a287e741e14382d0b3a7189286edbb5b579576d891c
2026-03-11 18:49:34,867 INFO File created: ../../data\live_test.txt
2026-03-11 18:49:34,867 INFO SHA256 generated: e3b0c44298fc1c149afbf4c8996fb92427ae41e4649b934ca495991b7852b855
2026-03-11 18:49:35,779 INFO File hash appears safe: e3b0c44298fc1c149afbf4c8996fb92427ae41e4649b934ca495991b7852b855
2026-03-11 18:50:13,560 WARNING File integrity changed: ../../data\live_test.txt
2026-03-11 18:50:13,560 INFO Old Hash: e3b0c44298fc1c149afbf4c8996fb92427ae41e4649b934ca495991b7852b855
2026-03-11 18:50:13,560 INFO New Hash: 718615323cd958beccc974fe3282b093a20c4f435817f332eed8f2a6a6053159
2026-03-11 18:50:14,321 INFO File hash appears safe: 718615323cd958beccc974fe3282b093a20c4f435817f332eed8f2a6a6053159
2026-03-11 18:50:17,297 WARNING File integrity changed: ../../data\live_test.txt
2026-03-11 18:50:17,297 INFO Old Hash: 718615323cd958beccc974fe3282b093a20c4f435817f332eed8f2a6a6053159
2026-03-11 18:50:17,297 INFO New Hash: e3b0c44298fc1c149afbf4c8996fb92427ae41e4649b934ca495991b7852b855
2026-03-11 18:50:17,830 INFO File hash appears safe: e3b0c44298fc1c149afbf4c8996fb92427ae41e4649b934ca495991b7852b855
2026-03-11 18:50:17,834 WARNING File integrity changed: ../../data\live_test.txt
2026-03-11 18:50:17,834 INFO Old Hash: e3b0c44298fc1c149afbf4c8996fb92427ae41e4649b934ca495991b7852b855
2026-03-11 18:50:17,834 INFO New Hash: 718615323cd958beccc974fe3282b093a20c4f435817f332eed8f2a6a6053159
2026-03-11 18:50:18,414 INFO File hash appears safe: 718615323cd958beccc974fe3282b093a20c4f435817f332eed8f2a6a6053159
2026-03-11 18:50:29,813 WARNING File deleted: ../../data\live_test.txt
2026-03-11 19:39:09,713 INFO File created: C:\Users\Vaibhav Kant Nawani\ai_soc_detection_system\data\new_test.txt
2026-03-11 19:39:09,714 INFO SHA256 generated: e3b0c44298fc1c149afbf4c8996fb92427ae41e4649b934ca495991b7852b855
2026-03-11 19:39:10,501 INFO File hash appears safe: e3b0c44298fc1c149afbf4c8996fb92427ae41e4649b934ca495991b7852b855
2026-03-11 19:39:25,961 WARNING File integrity changed: C:\Users\Vaibhav Kant Nawani\ai_soc_detection_system\data\new_test.txt
2026-03-11 19:39:25,961 INFO Old Hash: e3b0c44298fc1c149afbf4c8996fb92427ae41e4649b934ca495991b7852b855
2026-03-11 19:39:25,962 INFO New Hash: f5bbd1fb60f478fcb2cc5f42782ce3267d46865d19fb8e1abc8c989e37d7c749
2026-03-11 19:39:26,562 INFO File hash not found in VirusTotal database: f5bbd1fb60f478fcb2cc5f42782ce3267d46865d19fb8e1abc8c989e37d7c749
2026-03-11 19:55:40,313 INFO Baseline hash stored for: C:\Users\Vaibhav Kant Nawani\ai_soc_detection_system\data\live_test.txt
2026-03-11 19:55:40,313 INFO Baseline hash stored for: C:\Users\Vaibhav Kant Nawani\ai_soc_detection_system\data\new_test.txt
2026-03-11 19:55:40,315 INFO Baseline hash stored for: C:\Users\Vaibhav Kant Nawani\ai_soc_detection_system\data\test.txt
2026-03-11 19:56:39,929 WARNING File integrity changed: C:\Users\Vaibhav Kant Nawani\ai_soc_detection_system\data\test.txt
2026-03-11 19:56:39,929 INFO Old Hash: b22c545638a4758e05ec1c44a53a598968dfc1eac1b88d5e7698ee581f3bde3e
2026-03-11 19:56:39,929 INFO New Hash: 4427f7a871d8ad000764eb438dd08db91325313ca1d6ba0b9c67580e0833a8ac
2026-03-11 19:56:40,605 INFO File hash not found in VirusTotal database: 4427f7a871d8ad000764eb438dd08db91325313ca1d6ba0b9c67580e0833a8ac
2026-03-11 19:56:43,972 WARNING File integrity changed: C:\Users\Vaibhav Kant Nawani\ai_soc_detection_system\data\test.txt
2026-03-11 19:56:43,972 INFO Old Hash: 4427f7a871d8ad000764eb438dd08db91325313ca1d6ba0b9c67580e0833a8ac
2026-03-11 19:56:43,972 INFO New Hash: 90e60bae2e89fddf5195e4a34cc3a0ef0a2eb22a7057c87bc9b92f7df273cdc3
2026-03-11 19:56:44,510 INFO File hash not found in VirusTotal database: 90e60bae2e89fddf5195e4a34cc3a0ef0a2eb22a7057c87bc9b92f7df273cdc3
2026-03-11 19:56:47,976 WARNING File integrity changed: C:\Users\Vaibhav Kant Nawani\ai_soc_detection_system\data\test.txt
2026-03-11 19:56:47,977 INFO Old Hash: 90e60bae2e89fddf5195e4a34cc3a0ef0a2eb22a7057c87bc9b92f7df273cdc3
2026-03-11 19:56:47,977 INFO New Hash: 2a2e2dc533586d98cadcce4608a24d2920977dd9e2ab3a4809fd358238b659a9
2026-03-11 19:56:48,660 INFO File hash not found in VirusTotal database: 2a2e2dc533586d98cadcce4608a24d2920977dd9e2ab3a4809fd358238b659a9
2026-03-11 19:57:22,775 INFO File created: C:\Users\Vaibhav Kant Nawani\ai_soc_detection_system\data\hi_test.txt
2026-03-11 19:57:22,775 INFO SHA256 generated: e3b0c44298fc1c149afbf4c8996fb92427ae41e4649b934ca495991b7852b855
2026-03-11 19:57:23,525 INFO File hash appears safe: e3b0c44298fc1c149afbf4c8996fb92427ae41e4649b934ca495991b7852b855
2026-03-11 19:57:42,685 WARNING File integrity changed: C:\Users\Vaibhav Kant Nawani\ai_soc_detection_system\data\hi_test.txt
2026-03-11 19:57:42,685 INFO Old Hash: e3b0c44298fc1c149afbf4c8996fb92427ae41e4649b934ca495991b7852b855
2026-03-11 19:57:42,686 INFO New Hash: 87dd972acd71a6c1e7a11141092700214d4bf260e24fa6e4bd6f0a21297c5566
2026-03-11 19:57:43,449 INFO File hash not found in VirusTotal database: 87dd972acd71a6c1e7a11141092700214d4bf260e24fa6e4bd6f0a21297c5566
2026-03-11 19:57:44,776 WARNING File integrity changed: C:\Users\Vaibhav Kant Nawani\ai_soc_detection_system\data\hi_test.txt
2026-03-11 19:57:44,777 INFO Old Hash: 87dd972acd71a6c1e7a11141092700214d4bf260e24fa6e4bd6f0a21297c5566
2026-03-11 19:57:44,778 INFO New Hash: 93f0be48ef293c52d24a7faf5393f287a6e1bec72e4d9006821778d71a65ab71
2026-03-11 19:57:45,583 INFO File hash not found in VirusTotal database: 93f0be48ef293c52d24a7faf5393f287a6e1bec72e4d9006821778d71a65ab71
2026-03-11 19:57:47,291 WARNING File integrity changed: C:\Users\Vaibhav Kant Nawani\ai_soc_detection_system\data\hi_test.txt
2026-03-11 19:57:47,293 INFO Old Hash: 93f0be48ef293c52d24a7faf5393f287a6e1bec72e4d9006821778d71a65ab71
2026-03-11 19:57:47,293 INFO New Hash: eccab0089accab9adcaf8fd54978874130c8f5c2605b1617d12c91b9f77749ff
2026-03-11 19:57:48,187 INFO File hash not found in VirusTotal database: eccab0089accab9adcaf8fd54978874130c8f5c2605b1617d12c91b9f77749ff
2026-03-11 19:58:05,186 WARNING File deleted: C:\Users\Vaibhav Kant Nawani\ai_soc_detection_system\data\hi_test.txt
2026-03-11 22:10:40,103 INFO Baseline hash stored for: C:\Users\Vaibhav Kant Nawani\ai_soc_detection_system\data\live_test.txt
2026-03-11 22:10:40,103 INFO Baseline hash stored for: C:\Users\Vaibhav Kant Nawani\ai_soc_detection_system\data\new_test.txt
2026-03-11 22:10:40,103 INFO Baseline hash stored for: C:\Users\Vaibhav Kant Nawani\ai_soc_detection_system\data\test.txt
2026-03-11 22:11:45,947 INFO File created: C:\Users\Vaibhav Kant Nawani\ai_soc_detection_system\data\hi_test.txt
2026-03-11 22:11:45,947 INFO SHA256 generated: e3b0c44298fc1c149afbf4c8996fb92427ae41e4649b934ca495991b7852b855
2026-03-11 22:11:46,769 INFO File hash appears safe: e3b0c44298fc1c149afbf4c8996fb92427ae41e4649b934ca495991b7852b855
2026-03-11 22:12:20,548 WARNING File integrity changed: C:\Users\Vaibhav Kant Nawani\ai_soc_detection_system\data\hi_test.txt
2026-03-11 22:12:20,550 INFO Old Hash: e3b0c44298fc1c149afbf4c8996fb92427ae41e4649b934ca495991b7852b855
2026-03-11 22:12:20,550 INFO New Hash: 0ab4664466f3ca56d1893531b41524f7863668592da8497dec987f4be182b9a7
2026-03-11 22:12:21,242 INFO File hash not found in VirusTotal database: 0ab4664466f3ca56d1893531b41524f7863668592da8497dec987f4be182b9a7
2026-03-11 22:13:00,746 WARNING File deleted: C:\Users\Vaibhav Kant Nawani\ai_soc_detection_system\data\hi_test.txt
2026-03-11 23:02:25,298 INFO Baseline hash stored for: C:\Users\Vaibhav Kant Nawani\ai_soc_detection_system\data\live_test.txt
2026-03-11 23:02:25,298 INFO Baseline hash stored for: C:\Users\Vaibhav Kant Nawani\ai_soc_detection_system\data\new_test.txt
2026-03-11 23:02:25,298 INFO Baseline hash stored for: C:\Users\Vaibhav Kant Nawani\ai_soc_detection_system\data\test.txt
2026-03-11 23:04:41,091 INFO File created: C:\Users\Vaibhav Kant Nawani\ai_soc_detection_system\data\lala_test.txt
2026-03-11 23:04:41,091 INFO SHA256 generated: e3b0c44298fc1c149afbf4c8996fb92427ae41e4649b934ca495991b7852b855
2026-03-11 23:04:41,720 INFO File hash appears safe: e3b0c44298fc1c149afbf4c8996fb92427ae41e4649b934ca495991b7852b855
2026-03-11 23:05:07,291 WARNING File integrity changed: C:\Users\Vaibhav Kant Nawani\ai_soc_detection_system\data\lala_test.txt
2026-03-11 23:05:07,292 INFO Old Hash: e3b0c44298fc1c149afbf4c8996fb92427ae41e4649b934ca495991b7852b855
2026-03-11 23:05:07,292 INFO New Hash: 232e269ee674cdfbbcb5b64adef69988edd8daa4fc3d516f6765902e10ce229d
2026-03-11 23:05:07,846 INFO File hash not found in VirusTotal database: 232e269ee674cdfbbcb5b64adef69988edd8daa4fc3d516f6765902e10ce229d
2026-03-11 23:05:26,175 WARNING File integrity changed: C:\Users\Vaibhav Kant Nawani\ai_soc_detection_system\data\lala_test.txt
2026-03-11 23:05:26,175 INFO Old Hash: 232e269ee674cdfbbcb5b64adef69988edd8daa4fc3d516f6765902e10ce229d
2026-03-11 23:05:26,176 INFO New Hash: fef81685142d45c3d316ce2fa2972403921a069404469709e911c16a8014210d
2026-03-11 23:05:27,023 INFO File hash not found in VirusTotal database: fef81685142d45c3d316ce2fa2972403921a069404469709e911c16a8014210d
2026-03-11 23:05:52,610 WARNING File deleted: C:\Users\Vaibhav Kant Nawani\ai_soc_detection_system\data\lala_test.txt
2026-03-11 23:06:38,433 WARNING File integrity changed: C:\Users\Vaibhav Kant Nawani\ai_soc_detection_system\data\test.txt
2026-03-11 23:06:38,433 INFO Old Hash: 2a2e2dc533586d98cadcce4608a24d2920977dd9e2ab3a4809fd358238b659a9
2026-03-11 23:06:38,434 INFO New Hash: 45a56fe3b10320bafee367bc68ae8b16098b2636ecb48dd35d663a7c6f101bbe
2026-03-11 23:06:39,079 INFO File hash not found in VirusTotal database: 45a56fe3b10320bafee367bc68ae8b16098b2636ecb48dd35d663a7c6f101bbe
2026-03-11 23:06:41,697 WARNING File integrity changed: C:\Users\Vaibhav Kant Nawani\ai_soc_detection_system\data\test.txt
2026-03-11 23:06:41,698 INFO Old Hash: 45a56fe3b10320bafee367bc68ae8b16098b2636ecb48dd35d663a7c6f101bbe
2026-03-11 23:06:41,698 INFO New Hash: 46b6521dd960bbf83d556e52fc0dde03bf406bcd256a5c72a9f4b55536f0ab07
2026-03-11 23:06:42,356 INFO File hash not found in VirusTotal database: 46b6521dd960bbf83d556e52fc0dde03bf406bcd256a5c72a9f4b55536f0ab07
2026-03-11 23:06:48,113 WARNING File integrity changed: C:\Users\Vaibhav Kant Nawani\ai_soc_detection_system\data\test.txt
2026-03-11 23:06:48,114 INFO Old Hash: 46b6521dd960bbf83d556e52fc0dde03bf406bcd256a5c72a9f4b55536f0ab07
2026-03-11 23:06:48,114 INFO New Hash: be19173e1c339c2cc3f361ac21cc71a6a3b43eb62e30b28c8d19af73638a1763
2026-03-11 23:06:48,834 INFO File hash not found in VirusTotal database: be19173e1c339c2cc3f361ac21cc71a6a3b43eb62e30b28c8d19af73638a1763
2026-03-11 23:07:12,421 WARNING File deleted: C:\Users\Vaibhav Kant Nawani\ai_soc_detection_system\data\test.txt
2026-03-11 23:17:12,033 INFO Baseline hash stored for: C:\Users\Vaibhav Kant Nawani\ai_soc_detection_system\data\live_test.txt
2026-03-11 23:17:12,033 INFO Baseline hash stored for: C:\Users\Vaibhav Kant Nawani\ai_soc_detection_system\data\new_test.txt
2026-03-11 23:32:09,427 INFO Baseline hash stored for: C:\Users\Vaibhav Kant Nawani\ai_soc_detection_system\data\live_test.txt
2026-03-11 23:32:09,428 INFO Baseline hash stored for: C:\Users\Vaibhav Kant Nawani\ai_soc_detection_system\data\new_test.txt
2026-03-11 23:55:57,084 INFO Baseline hash stored for: C:\Users\Vaibhav Kant Nawani\ai_soc_detection_system\data\live_test.txt
2026-03-11 23:55:57,085 INFO Baseline hash stored for: C:\Users\Vaibhav Kant Nawani\ai_soc_detection_system\data\new_test.txt
2026-03-11 23:57:10,086 INFO File created: C:\Users\Vaibhav Kant Nawani\ai_soc_detection_system\data\lala_test.txt
2026-03-11 23:57:10,086 INFO SHA256 generated: e3b0c44298fc1c149afbf4c8996fb92427ae41e4649b934ca495991b7852b855
2026-03-11 23:57:10,759 INFO File hash appears safe: e3b0c44298fc1c149afbf4c8996fb92427ae41e4649b934ca495991b7852b855
2026-03-11 23:57:27,812 WARNING File integrity changed: C:\Users\Vaibhav Kant Nawani\ai_soc_detection_system\data\lala_test.txt
2026-03-11 23:57:27,812 INFO Old Hash: e3b0c44298fc1c149afbf4c8996fb92427ae41e4649b934ca495991b7852b855
2026-03-11 23:57:27,813 INFO New Hash: 781d9ffee61608be25188f6f308ce560e1f0fd767df1829aa6b3d78923aaa01a
2026-03-11 23:57:28,648 INFO File hash not found in VirusTotal database: 781d9ffee61608be25188f6f308ce560e1f0fd767df1829aa6b3d78923aaa01a
2026-03-11 23:57:36,200 WARNING File integrity changed: C:\Users\Vaibhav Kant Nawani\ai_soc_detection_system\data\lala_test.txt
2026-03-11 23:57:36,201 INFO Old Hash: 781d9ffee61608be25188f6f308ce560e1f0fd767df1829aa6b3d78923aaa01a
2026-03-11 23:57:36,201 INFO New Hash: 0862fb0c6f8124c1b7c4b44e00fb581e96389b18b3060963c9f00604c33e364e
2026-03-11 23:57:36,846 INFO File hash not found in VirusTotal database: 0862fb0c6f8124c1b7c4b44e00fb581e96389b18b3060963c9f00604c33e364e
2026-03-11 23:57:50,906 WARNING File deleted: C:\Users\Vaibhav Kant Nawani\ai_soc_detection_system\data\lala_test.txt
2026-03-11 23:59:21,197 WARNING File integrity changed: C:\Users\Vaibhav Kant Nawani\ai_soc_detection_system\data\live_test.txt
2026-03-11 23:59:21,197 INFO Old Hash: 1946a26904e9fe16aa63b83599d5c45bfa98100e39e3084735c5e29bd76f510b
2026-03-11 23:59:21,197 INFO New Hash: cf4d5a8a9328d020b928c94d2ec8570587ec3c489a624d2d6c1e5a180cb7240a
2026-03-11 23:59:21,731 INFO File hash not found in VirusTotal database: cf4d5a8a9328d020b928c94d2ec8570587ec3c489a624d2d6c1e5a180cb7240a
2026-03-11 23:59:24,955 WARNING File integrity changed: C:\Users\Vaibhav Kant Nawani\ai_soc_detection_system\data\live_test.txt
2026-03-11 23:59:24,956 INFO Old Hash: cf4d5a8a9328d020b928c94d2ec8570587ec3c489a624d2d6c1e5a180cb7240a
2026-03-11 23:59:24,956 INFO New Hash: 3c7a6b54f6017f46ba3c3a7c064bf6dd095d46decb233eb1ad2bd1999fab44a5
2026-03-11 23:59:25,721 INFO File hash not found in VirusTotal database: 3c7a6b54f6017f46ba3c3a7c064bf6dd095d46decb233eb1ad2bd1999fab44a5
2026-03-11 23:59:47,506 WARNING File deleted: C:\Users\Vaibhav Kant Nawani\ai_soc_detection_system\data\live_test.txt
2026-03-12 00:01:14,564 WARNING File integrity changed: C:\Users\Vaibhav Kant Nawani\ai_soc_detection_system\data\new_test.txt
2026-03-12 00:01:14,564 INFO Old Hash: f5bbd1fb60f478fcb2cc5f42782ce3267d46865d19fb8e1abc8c989e37d7c749
2026-03-12 00:01:14,564 INFO New Hash: f391ea9676d30cac78e72808e745cc941ef993397e927688c0da23327daf99d1
2026-03-12 00:01:15,337 INFO File hash not found in VirusTotal database: f391ea9676d30cac78e72808e745cc941ef993397e927688c0da23327daf99d1
2026-03-12 00:10:29,439 INFO Baseline hash stored for: C:\Users\Vaibhav Kant Nawani\ai_soc_detection_system\data\new_test.txt
2026-03-12 00:14:45,985 INFO Baseline hash stored for: C:\Users\Vaibhav Kant Nawani\ai_soc_detection_system\data\new_test.txt
2026-03-12 15:21:24,847 INFO Baseline hash stored for: C:\Users\Vaibhav Kant Nawani\ai_soc_detection_system\data\new_test.txt
2026-03-12 15:26:33,758 INFO Baseline hash stored for: C:\Users\Vaibhav Kant Nawani\ai_soc_detection_system\data\new_test.txt
2026-03-12 15:42:55,871 INFO Baseline hash stored for: C:\Users\Vaibhav Kant Nawani\ai_soc_detection_system\data\new_test.txt
2026-03-12 17:25:58,594 INFO Baseline hash stored for: C:\Users\Vaibhav Kant Nawani\ai_soc_detection_system\data\new_test.txt
2026-03-12 18:27:16,646 INFO Baseline hash stored for: C:\Users\Vaibhav Kant Nawani\ai_soc_detection_system\data\new_test.txt
2026-03-12 18:29:22,087 INFO File created: C:\Users\Vaibhav Kant Nawani\ai_soc_detection_system\data\lala_test.txt
2026-03-12 18:29:22,087 INFO SHA256 generated: e3b0c44298fc1c149afbf4c8996fb92427ae41e4649b934ca495991b7852b855
2026-03-12 18:29:23,020 INFO File hash appears safe: e3b0c44298fc1c149afbf4c8996fb92427ae41e4649b934ca495991b7852b855
2026-03-12 18:29:47,626 WARNING File integrity changed: C:\Users\Vaibhav Kant Nawani\ai_soc_detection_system\data\lala_test.txt
2026-03-12 18:29:47,628 INFO Old Hash: e3b0c44298fc1c149afbf4c8996fb92427ae41e4649b934ca495991b7852b855
2026-03-12 18:29:47,628 INFO New Hash: 0ca5d845cebb463129ff0cc20729d3ea15c9e9ecb680e2c0b6e7a47a7055fd38
2026-03-12 18:29:48,253 INFO File hash not found in VirusTotal database: 0ca5d845cebb463129ff0cc20729d3ea15c9e9ecb680e2c0b6e7a47a7055fd38
2026-03-12 18:29:53,061 WARNING File integrity changed: C:\Users\Vaibhav Kant Nawani\ai_soc_detection_system\data\lala_test.txt
2026-03-12 18:29:53,062 INFO Old Hash: 0ca5d845cebb463129ff0cc20729d3ea15c9e9ecb680e2c0b6e7a47a7055fd38
2026-03-12 18:29:53,062 INFO New Hash: acc49fb88f2c557c5c4f7973ae985a6bcde6a02cff8483a49f5e3961a3081f2d
2026-03-12 18:29:53,732 INFO File hash not found in VirusTotal database: acc49fb88f2c557c5c4f7973ae985a6bcde6a02cff8483a49f5e3961a3081f2d
2026-03-12 18:29:57,508 WARNING File integrity changed: C:\Users\Vaibhav Kant Nawani\ai_soc_detection_system\data\lala_test.txt
2026-03-12 18:29:57,508 INFO Old Hash: acc49fb88f2c557c5c4f7973ae985a6bcde6a02cff8483a49f5e3961a3081f2d
2026-03-12 18:29:57,508 INFO New Hash: b1f6f32cf8aa33f3e5c4a84e91db9a4339d4ec044cb9dd0ea9713ac93d02f2e3
2026-03-12 18:29:58,194 INFO File hash not found in VirusTotal database: b1f6f32cf8aa33f3e5c4a84e91db9a4339d4ec044cb9dd0ea9713ac93d02f2e3
2026-03-12 18:30:10,859 WARNING File deleted: C:\Users\Vaibhav Kant Nawani\ai_soc_detection_system\data\lala_test.txt
2026-03-12 18:31:24,058 WARNING File integrity changed: C:\Users\Vaibhav Kant Nawani\ai_soc_detection_system\data\new_test.txt
2026-03-12 18:31:24,059 INFO Old Hash: f391ea9676d30cac78e72808e745cc941ef993397e927688c0da23327daf99d1
2026-03-12 18:31:24,059 INFO New Hash: bc0f3f6c7b177789b6fc951d6bebc71aec99eacc7e9d304c608e7749fe62908f
2026-03-12 18:31:24,717 INFO File hash not found in VirusTotal database: bc0f3f6c7b177789b6fc951d6bebc71aec99eacc7e9d304c608e7749fe62908f
2026-03-12 18:31:27,771 WARNING File integrity changed: C:\Users\Vaibhav Kant Nawani\ai_soc_detection_system\data\new_test.txt
2026-03-12 18:31:27,772 INFO Old Hash: bc0f3f6c7b177789b6fc951d6bebc71aec99eacc7e9d304c608e7749fe62908f
2026-03-12 18:31:27,772 INFO New Hash: eeb9f988599d184363dc9939c28fe0e7678b79770cea03eb1e88aba9ca3c40d7
2026-03-12 18:31:28,503 INFO File hash not found in VirusTotal database: eeb9f988599d184363dc9939c28fe0e7678b79770cea03eb1e88aba9ca3c40d7
2026-03-12 18:31:31,590 WARNING File integrity changed: C:\Users\Vaibhav Kant Nawani\ai_soc_detection_system\data\new_test.txt
2026-03-12 18:31:31,590 INFO Old Hash: eeb9f988599d184363dc9939c28fe0e7678b79770cea03eb1e88aba9ca3c40d7
2026-03-12 18:31:31,590 INFO New Hash: f3c6175cde0f82454d1345cad9964a78cbd056252e5e3e8b4a48bd14d813ded5
2026-03-12 18:31:32,293 INFO File hash not found in VirusTotal database: f3c6175cde0f82454d1345cad9964a78cbd056252e5e3e8b4a48bd14d813ded5
2026-03-12 18:47:26,312 INFO Baseline hash stored for: C:\Users\Vaibhav Kant Nawani\ai_soc_detection_system\data\new_test.txt
2026-03-12 18:51:57,081 INFO Baseline hash stored for: C:\Users\Vaibhav Kant Nawani\ai_soc_detection_system\data\new_test.txt
2026-03-13 19:41:38,916 INFO Baseline hash stored for: C:\Users\Vaibhav Kant Nawani\ai_soc_detection_system\data\new_test.txt
2026-03-13 19:42:31,593 WARNING File integrity changed: C:\Users\Vaibhav Kant Nawani\ai_soc_detection_system\data\new_test.txt
2026-03-13 19:42:31,594 INFO Old Hash: f3c6175cde0f82454d1345cad9964a78cbd056252e5e3e8b4a48bd14d813ded5
2026-03-13 19:42:31,594 INFO New Hash: e9853809391dd7b21a46399cefcf1b4a441d97822bbdce0b5183be3a2e28f231
2026-03-13 19:42:32,994 INFO File hash not found in VirusTotal database: e9853809391dd7b21a46399cefcf1b4a441d97822bbdce0b5183be3a2e28f231
2026-03-13 19:42:33,001 WARNING File integrity changed: C:\Users\Vaibhav Kant Nawani\ai_soc_detection_system\data\new_test.txt
2026-03-13 19:42:33,001 INFO Old Hash: e9853809391dd7b21a46399cefcf1b4a441d97822bbdce0b5183be3a2e28f231
2026-03-13 19:42:33,001 INFO New Hash: b8c30aca2b88af046ea21477980c74abd778ee24326fb5c8b3f9561d90382f05
2026-03-13 19:42:33,627 INFO File hash not found in VirusTotal database: b8c30aca2b88af046ea21477980c74abd778ee24326fb5c8b3f9561d90382f05
2026-03-13 19:42:33,635 WARNING File integrity changed: C:\Users\Vaibhav Kant Nawani\ai_soc_detection_system\data\new_test.txt
2026-03-13 19:42:33,635 INFO Old Hash: b8c30aca2b88af046ea21477980c74abd778ee24326fb5c8b3f9561d90382f05
2026-03-13 19:42:33,635 INFO New Hash: d01071971d3c7274f7e2171666c6b58a1b1f7429a3db44c95c7ecfc655064d4f
2026-03-13 19:42:34,312 INFO File hash not found in VirusTotal database: d01071971d3c7274f7e2171666c6b58a1b1f7429a3db44c95c7ecfc655064d4f
2026-03-13 19:42:34,321 WARNING File integrity changed: C:\Users\Vaibhav Kant Nawani\ai_soc_detection_system\data\new_test.txt
2026-03-13 19:42:34,321 INFO Old Hash: d01071971d3c7274f7e2171666c6b58a1b1f7429a3db44c95c7ecfc655064d4f
2026-03-13 19:42:34,321 INFO New Hash: 4cda205b6ae160b27bca61e809cecb84a408c54abbcdcd7c611f1cf5b4d3ddf1
2026-03-13 19:42:34,839 INFO File hash not found in VirusTotal database: 4cda205b6ae160b27bca61e809cecb84a408c54abbcdcd7c611f1cf5b4d3ddf1
2026-03-13 19:42:34,855 WARNING File integrity changed: C:\Users\Vaibhav Kant Nawani\ai_soc_detection_system\data\new_test.txt
2026-03-13 19:42:34,855 INFO Old Hash: 4cda205b6ae160b27bca61e809cecb84a408c54abbcdcd7c611f1cf5b4d3ddf1
2026-03-13 19:42:34,855 INFO New Hash: 02e4856619375b1455ab2f14414c161344bf93a111c2770f41f5ea1442877fbc
2026-03-13 19:42:35,535 INFO File hash not found in VirusTotal database: 02e4856619375b1455ab2f14414c161344bf93a111c2770f41f5ea1442877fbc
2026-03-13 19:42:35,547 WARNING File integrity changed: C:\Users\Vaibhav Kant Nawani\ai_soc_detection_system\data\new_test.txt
2026-03-13 19:42:35,547 INFO Old Hash: 02e4856619375b1455ab2f14414c161344bf93a111c2770f41f5ea1442877fbc
2026-03-13 19:42:35,547 INFO New Hash: 3c8b38c502de04db5f3e7fbfd06934a8c297e6758c8aa6fffdbfb80a663f6b37
2026-03-13 19:42:36,274 INFO File hash not found in VirusTotal database: 3c8b38c502de04db5f3e7fbfd06934a8c297e6758c8aa6fffdbfb80a663f6b37
2026-03-13 19:42:36,291 WARNING File integrity changed: C:\Users\Vaibhav Kant Nawani\ai_soc_detection_system\data\new_test.txt
2026-03-13 19:42:36,291 INFO Old Hash: 3c8b38c502de04db5f3e7fbfd06934a8c297e6758c8aa6fffdbfb80a663f6b37
2026-03-13 19:42:36,291 INFO New Hash: 3dfb3aaf177a35724597132442f3a00d83b9dce0599a033efe252ad3e71bef32
2026-03-13 19:42:36,999 INFO File hash not found in VirusTotal database: 3dfb3aaf177a35724597132442f3a00d83b9dce0599a033efe252ad3e71bef32
2026-03-13 19:42:37,022 WARNING File integrity changed: C:\Users\Vaibhav Kant Nawani\ai_soc_detection_system\data\new_test.txt
2026-03-13 19:42:37,023 INFO Old Hash: 3dfb3aaf177a35724597132442f3a00d83b9dce0599a033efe252ad3e71bef32
2026-03-13 19:42:37,023 INFO New Hash: 796b1bfdaea2803370c243dbd6b780f9fbf1cdcaea2913a9b7df8d863e58f39b
2026-03-13 19:42:37,719 INFO File hash not found in VirusTotal database: 796b1bfdaea2803370c243dbd6b780f9fbf1cdcaea2913a9b7df8d863e58f39b
2026-03-13 19:42:37,727 WARNING File integrity changed: C:\Users\Vaibhav Kant Nawani\ai_soc_detection_system\data\new_test.txt
2026-03-13 19:42:37,727 INFO Old Hash: 796b1bfdaea2803370c243dbd6b780f9fbf1cdcaea2913a9b7df8d863e58f39b
2026-03-13 19:42:37,728 INFO New Hash: 89fe001aafba57be256410a76b5712cca4fe959562affa1d0595525ce72cb304
2026-03-13 19:42:38,332 INFO File hash not found in VirusTotal database: 89fe001aafba57be256410a76b5712cca4fe959562affa1d0595525ce72cb304
2026-03-13 19:46:24,541 INFO File created: C:\Users\Vaibhav Kant Nawani\ai_soc_detection_system\data\lala_test.txt
2026-03-13 19:46:24,541 INFO SHA256 generated: e3b0c44298fc1c149afbf4c8996fb92427ae41e4649b934ca495991b7852b855
2026-03-13 19:46:25,450 INFO File hash appears safe: e3b0c44298fc1c149afbf4c8996fb92427ae41e4649b934ca495991b7852b855
2026-03-13 19:46:30,192 INFO File created: C:\Users\Vaibhav Kant Nawani\ai_soc_detection_system\data\yo_test.txt
2026-03-13 19:46:30,193 INFO SHA256 generated: e3b0c44298fc1c149afbf4c8996fb92427ae41e4649b934ca495991b7852b855
2026-03-13 19:46:31,609 INFO File hash appears safe: e3b0c44298fc1c149afbf4c8996fb92427ae41e4649b934ca495991b7852b855
2026-03-13 19:46:39,178 INFO File created: C:\Users\Vaibhav Kant Nawani\ai_soc_detection_system\data\bye_test.txt
2026-03-13 19:46:39,179 INFO SHA256 generated: e3b0c44298fc1c149afbf4c8996fb92427ae41e4649b934ca495991b7852b855
2026-03-13 19:46:40,631 INFO File hash appears safe: e3b0c44298fc1c149afbf4c8996fb92427ae41e4649b934ca495991b7852b855
2026-03-13 19:46:49,136 INFO File created: C:\Users\Vaibhav Kant Nawani\ai_soc_detection_system\data\tik_test.txt
2026-03-13 19:46:49,136 INFO SHA256 generated: e3b0c44298fc1c149afbf4c8996fb92427ae41e4649b934ca495991b7852b855
2026-03-13 19:46:49,783 INFO File hash appears safe: e3b0c44298fc1c149afbf4c8996fb92427ae41e4649b934ca495991b7852b855
2026-03-13 19:58:31,054 WARNING File deleted: C:\Users\Vaibhav Kant Nawani\ai_soc_detection_system\data\bye_test.txt
2026-03-13 19:58:31,356 WARNING File deleted: C:\Users\Vaibhav Kant Nawani\ai_soc_detection_system\data\lala_test.txt
2026-03-13 19:58:31,657 WARNING File deleted: C:\Users\Vaibhav Kant Nawani\ai_soc_detection_system\data\new_test.txt
2026-03-13 19:58:31,961 WARNING File deleted: C:\Users\Vaibhav Kant Nawani\ai_soc_detection_system\data\tik_test.txt
2026-03-13 19:58:32,265 WARNING File deleted: C:\Users\Vaibhav Kant Nawani\ai_soc_detection_system\data\yo_test.txt
2026-03-13 22:46:44,379 INFO Baseline hash stored for: C:\Users\Vaibhav Kant Nawani\ai_soc_detection_system\data\bye_test.txt
2026-03-13 22:46:44,380 INFO Baseline hash stored for: C:\Users\Vaibhav Kant Nawani\ai_soc_detection_system\data\hello_test.txt
2026-03-13 22:46:44,381 INFO Baseline hash stored for: C:\Users\Vaibhav Kant Nawani\ai_soc_detection_system\data\hii_test.txt
2026-03-13 22:46:44,381 INFO Baseline hash stored for: C:\Users\Vaibhav Kant Nawani\ai_soc_detection_system\data\lala_test.txt
2026-03-13 22:46:44,382 INFO Baseline hash stored for: C:\Users\Vaibhav Kant Nawani\ai_soc_detection_system\data\wtf_test.txt
2026-03-13 22:48:06,067 INFO Baseline hash stored for: C:\Users\Vaibhav Kant Nawani\ai_soc_detection_system\data\bye_test.txt
2026-03-13 22:48:06,067 INFO Baseline hash stored for: C:\Users\Vaibhav Kant Nawani\ai_soc_detection_system\data\hello_test.txt
2026-03-13 22:48:06,068 INFO Baseline hash stored for: C:\Users\Vaibhav Kant Nawani\ai_soc_detection_system\data\hii_test.txt
2026-03-13 22:48:06,068 INFO Baseline hash stored for: C:\Users\Vaibhav Kant Nawani\ai_soc_detection_system\data\lala_test.txt
2026-03-13 22:48:06,069 INFO Baseline hash stored for: C:\Users\Vaibhav Kant Nawani\ai_soc_detection_system\data\wtf_test.txt
2026-03-13 23:06:36,265 INFO Baseline hash stored for: C:\Users\Vaibhav Kant Nawani\ai_soc_detection_system\data\bye_test.txt
2026-03-13 23:06:36,265 INFO Baseline hash stored for: C:\Users\Vaibhav Kant Nawani\ai_soc_detection_system\data\hello_test.txt
2026-03-13 23:06:36,265 INFO Baseline hash stored for: C:\Users\Vaibhav Kant Nawani\ai_soc_detection_system\data\hii_test.txt
2026-03-13 23:06:36,266 INFO Baseline hash stored for: C:\Users\Vaibhav Kant Nawani\ai_soc_detection_system\data\lala_test.txt
2026-03-13 23:06:36,266 INFO Baseline hash stored for: C:\Users\Vaibhav Kant Nawani\ai_soc_detection_system\data\wtf_test.txt
2026-03-13 23:36:21,904 INFO Baseline hash stored for: C:\Users\Vaibhav Kant Nawani\ai_soc_detection_system\data\hi_test.txt
2026-03-13 23:36:21,904 INFO Baseline hash stored for: C:\Users\Vaibhav Kant Nawani\ai_soc_detection_system\data\lala_test.txt
2026-03-13 23:36:21,904 INFO Baseline hash stored for: C:\Users\Vaibhav Kant Nawani\ai_soc_detection_system\data\new_test.txt
2026-03-13 23:36:21,904 INFO Baseline hash stored for: C:\Users\Vaibhav Kant Nawani\ai_soc_detection_system\data\wtf_test.txt
2026-03-13 23:36:21,904 INFO Baseline hash stored for: C:\Users\Vaibhav Kant Nawani\ai_soc_detection_system\data\yoyo_test.txt
2026-03-13 23:37:09,291 INFO File created: C:\Users\Vaibhav Kant Nawani\ai_soc_detection_system\data\hi_test.txt.enc
2026-03-13 23:37:09,292 INFO SHA256 generated: 20906d13606d642691588b2ed1561494e92a86f73ce22acc65a65bf99bcb443b
2026-03-13 23:37:10,054 INFO File hash not found in VirusTotal database: 20906d13606d642691588b2ed1561494e92a86f73ce22acc65a65bf99bcb443b
2026-03-13 23:37:10,055 WARNING File deleted: C:\Users\Vaibhav Kant Nawani\ai_soc_detection_system\data\hi_test.txt
2026-03-13 23:37:10,060 INFO File created: C:\Users\Vaibhav Kant Nawani\ai_soc_detection_system\data\lala_test.txt.enc
2026-03-13 23:37:10,061 INFO SHA256 generated: 20906d13606d642691588b2ed1561494e92a86f73ce22acc65a65bf99bcb443b
2026-03-13 23:37:10,754 INFO File hash not found in VirusTotal database: 20906d13606d642691588b2ed1561494e92a86f73ce22acc65a65bf99bcb443b
2026-03-13 23:37:10,755 WARNING File deleted: C:\Users\Vaibhav Kant Nawani\ai_soc_detection_system\data\lala_test.txt
2026-03-13 23:37:10,759 INFO File created: C:\Users\Vaibhav Kant Nawani\ai_soc_detection_system\data\new_test.txt.enc
2026-03-13 23:37:10,759 INFO SHA256 generated: 20906d13606d642691588b2ed1561494e92a86f73ce22acc65a65bf99bcb443b
2026-03-13 23:37:11,436 INFO File hash not found in VirusTotal database: 20906d13606d642691588b2ed1561494e92a86f73ce22acc65a65bf99bcb443b
2026-03-13 23:37:11,437 WARNING File deleted: C:\Users\Vaibhav Kant Nawani\ai_soc_detection_system\data\new_test.txt
2026-03-13 23:37:11,440 INFO File created: C:\Users\Vaibhav Kant Nawani\ai_soc_detection_system\data\wtf_test.txt.enc
2026-03-13 23:37:11,440 INFO SHA256 generated: 20906d13606d642691588b2ed1561494e92a86f73ce22acc65a65bf99bcb443b
2026-03-13 23:37:12,867 INFO File hash not found in VirusTotal database: 20906d13606d642691588b2ed1561494e92a86f73ce22acc65a65bf99bcb443b
2026-03-13 23:37:12,869 WARNING File deleted: C:\Users\Vaibhav Kant Nawani\ai_soc_detection_system\data\wtf_test.txt
2026-03-13 23:37:12,872 INFO File created: C:\Users\Vaibhav Kant Nawani\ai_soc_detection_system\data\yoyo_test.txt.enc
2026-03-13 23:37:12,873 INFO SHA256 generated: 20906d13606d642691588b2ed1561494e92a86f73ce22acc65a65bf99bcb443b
2026-03-13 23:37:13,565 INFO File hash not found in VirusTotal database: 20906d13606d642691588b2ed1561494e92a86f73ce22acc65a65bf99bcb443b
2026-03-13 23:37:13,565 WARNING File deleted: C:\Users\Vaibhav Kant Nawani\ai_soc_detection_system\data\yoyo_test.txt
2026-03-14 18:23:54,739 INFO Baseline hash stored for: C:\Users\Vaibhav Kant Nawani\ai_soc_detection_system\data\hi_test.txt.enc
2026-03-14 18:23:54,739 INFO Baseline hash stored for: C:\Users\Vaibhav Kant Nawani\ai_soc_detection_system\data\lala_test.txt.enc
2026-03-14 18:23:54,740 INFO Baseline hash stored for: C:\Users\Vaibhav Kant Nawani\ai_soc_detection_system\data\new_test.txt.enc
2026-03-14 18:23:54,740 INFO Baseline hash stored for: C:\Users\Vaibhav Kant Nawani\ai_soc_detection_system\data\wtf_test.txt.enc
2026-03-14 18:23:54,740 INFO Baseline hash stored for: C:\Users\Vaibhav Kant Nawani\ai_soc_detection_system\data\yoyo_test.txt.enc
2026-03-14 18:24:29,322 WARNING Failed login attempt detected: username=admin, ip=192.168.1.50
2026-03-14 18:24:29,523 WARNING Failed login attempt detected: username=admin, ip=192.168.1.50
2026-03-14 18:24:29,724 WARNING Failed login attempt detected: username=admin, ip=192.168.1.50
2026-03-14 18:24:29,927 WARNING Failed login attempt detected: username=admin, ip=192.168.1.50
2026-03-14 18:24:30,129 WARNING Failed login attempt detected: username=admin, ip=192.168.1.50
2026-03-14 18:24:30,330 WARNING Failed login attempt detected: username=admin, ip=192.168.1.50
2026-03-14 18:24:30,531 WARNING Failed login attempt detected: username=admin, ip=192.168.1.50
2026-03-14 18:24:30,732 WARNING Failed login attempt detected: username=admin, ip=192.168.1.50
2026-03-14 18:24:30,933 WARNING Failed login attempt detected: username=admin, ip=192.168.1.50
2026-03-14 18:24:31,135 WARNING Failed login attempt detected: username=admin, ip=192.168.1.50
2026-03-14 18:24:31,336 WARNING Failed login attempt detected: username=admin, ip=192.168.1.50
2026-03-14 18:24:31,538 WARNING Failed login attempt detected: username=admin, ip=192.168.1.50
2026-03-14 18:24:31,740 WARNING Failed login attempt detected: username=admin, ip=192.168.1.50
2026-03-14 18:24:31,943 WARNING Failed login attempt detected: username=admin, ip=192.168.1.50
2026-03-14 18:24:32,145 WARNING Failed login attempt detected: username=admin, ip=192.168.1.50
2026-03-14 18:47:10,542 WARNING Failed login attempt detected: username=admin, ip=192.168.1.50
2026-03-14 18:47:10,743 WARNING Failed login attempt detected: username=admin, ip=192.168.1.50
2026-03-14 18:47:10,944 WARNING Failed login attempt detected: username=admin, ip=192.168.1.50
2026-03-14 18:47:11,147 WARNING Failed login attempt detected: username=admin, ip=192.168.1.50
2026-03-14 18:47:11,348 WARNING Failed login attempt detected: username=admin, ip=192.168.1.50
2026-03-14 18:47:11,552 WARNING Failed login attempt detected: username=admin, ip=192.168.1.50
2026-03-14 18:47:11,756 WARNING Failed login attempt detected: username=admin, ip=192.168.1.50
2026-03-14 18:47:11,960 WARNING Failed login attempt detected: username=admin, ip=192.168.1.50
2026-03-14 18:47:12,162 WARNING Failed login attempt detected: username=admin, ip=192.168.1.50
2026-03-14 18:47:12,366 WARNING Failed login attempt detected: username=admin, ip=192.168.1.50
2026-03-14 18:47:12,570 WARNING Failed login attempt detected: username=admin, ip=192.168.1.50
2026-03-14 18:47:12,775 WARNING Failed login attempt detected: username=admin, ip=192.168.1.50
2026-03-14 18:47:12,977 WARNING Failed login attempt detected: username=admin, ip=192.168.1.50
2026-03-14 18:47:13,178 WARNING Failed login attempt detected: username=admin, ip=192.168.1.50
2026-03-14 18:47:13,380 WARNING Failed login attempt detected: username=admin, ip=192.168.1.50
2026-03-14 19:45:47,086 INFO Baseline hash stored for: C:\Users\Vaibhav Kant Nawani\ai_soc_detection_system\data\hi_test.txt.enc
2026-03-14 19:45:47,087 INFO Baseline hash stored for: C:\Users\Vaibhav Kant Nawani\ai_soc_detection_system\data\lala_test.txt.enc
2026-03-14 19:45:47,087 INFO Baseline hash stored for: C:\Users\Vaibhav Kant Nawani\ai_soc_detection_system\data\new_test.txt.enc
2026-03-14 19:45:47,087 INFO Baseline hash stored for: C:\Users\Vaibhav Kant Nawani\ai_soc_detection_system\data\wtf_test.txt.enc
2026-03-14 19:45:47,087 INFO Baseline hash stored for: C:\Users\Vaibhav Kant Nawani\ai_soc_detection_system\data\yoyo_test.txt.enc
2026-03-14 19:46:09,718 WARNING Failed login attempt detected: username=admin, ip=192.168.1.50
2026-03-14 19:46:09,919 WARNING Failed login attempt detected: username=admin, ip=192.168.1.50
2026-03-14 19:46:10,120 WARNING Failed login attempt detected: username=admin, ip=192.168.1.50
2026-03-14 19:46:10,320 WARNING Failed login attempt detected: username=admin, ip=192.168.1.50
2026-03-14 19:46:10,522 WARNING Failed login attempt detected: username=admin, ip=192.168.1.50
2026-03-14 19:46:10,723 WARNING Failed login attempt detected: username=admin, ip=192.168.1.50
2026-03-14 19:46:10,923 WARNING Failed login attempt detected: username=admin, ip=192.168.1.50
2026-03-14 19:46:11,124 WARNING Failed login attempt detected: username=admin, ip=192.168.1.50
2026-03-14 19:46:11,324 WARNING Failed login attempt detected: username=admin, ip=192.168.1.50
2026-03-14 19:46:11,525 WARNING Failed login attempt detected: username=admin, ip=192.168.1.50
2026-03-14 19:46:11,726 WARNING Failed login attempt detected: username=admin, ip=192.168.1.50
2026-03-14 19:46:11,927 WARNING Failed login attempt detected: username=admin, ip=192.168.1.50
2026-03-14 19:46:12,128 WARNING Failed login attempt detected: username=admin, ip=192.168.1.50
2026-03-14 19:46:12,329 WARNING Failed login attempt detected: username=admin, ip=192.168.1.50
2026-03-14 19:46:12,531 WARNING Failed login attempt detected: username=admin, ip=192.168.1.50
2026-03-14 19:58:27,661 INFO Baseline hash stored for: C:\Users\Vaibhav Kant Nawani\ai_soc_detection_system\data\hi_test.txt.enc
2026-03-14 19:58:27,662 INFO Baseline hash stored for: C:\Users\Vaibhav Kant Nawani\ai_soc_detection_system\data\lala_test.txt.enc
2026-03-14 19:58:27,662 INFO Baseline hash stored for: C:\Users\Vaibhav Kant Nawani\ai_soc_detection_system\data\new_test.txt.enc
2026-03-14 19:58:27,662 INFO Baseline hash stored for: C:\Users\Vaibhav Kant Nawani\ai_soc_detection_system\data\wtf_test.txt.enc
2026-03-14 19:58:27,662 INFO Baseline hash stored for: C:\Users\Vaibhav Kant Nawani\ai_soc_detection_system\data\yoyo_test.txt.enc
2026-03-14 19:58:41,471 WARNING Failed login attempt detected: username=admin, ip=192.168.1.50
2026-03-14 19:58:41,672 WARNING Failed login attempt detected: username=admin, ip=192.168.1.50
2026-03-14 19:58:41,874 WARNING Failed login attempt detected: username=admin, ip=192.168.1.50
2026-03-14 19:58:42,078 WARNING Failed login attempt detected: username=admin, ip=192.168.1.50
2026-03-14 19:58:42,280 WARNING Failed login attempt detected: username=admin, ip=192.168.1.50
2026-03-14 19:58:42,482 WARNING Failed login attempt detected: username=admin, ip=192.168.1.50
2026-03-14 19:58:42,686 WARNING Failed login attempt detected: username=admin, ip=192.168.1.50
2026-03-14 19:58:42,888 WARNING Failed login attempt detected: username=admin, ip=192.168.1.50
2026-03-14 19:58:43,090 WARNING Failed login attempt detected: username=admin, ip=192.168.1.50
2026-03-14 19:58:43,292 WARNING Failed login attempt detected: username=admin, ip=192.168.1.50
2026-03-14 19:58:43,496 WARNING Failed login attempt detected: username=admin, ip=192.168.1.50
2026-03-14 19:58:43,697 WARNING Failed login attempt detected: username=admin, ip=192.168.1.50
2026-03-14 19:58:43,899 WARNING Failed login attempt detected: username=admin, ip=192.168.1.50
2026-03-14 19:58:44,100 WARNING Failed login attempt detected: username=admin, ip=192.168.1.50
2026-03-14 19:58:44,301 WARNING Failed login attempt detected: username=admin, ip=192.168.1.50
2026-03-14 21:31:52,676 INFO Baseline hash stored for: C:\Users\Vaibhav Kant Nawani\ai_soc_detection_system\data\hi_test.txt.enc
2026-03-14 21:31:52,677 INFO Baseline hash stored for: C:\Users\Vaibhav Kant Nawani\ai_soc_detection_system\data\lala_test.txt.enc
2026-03-14 21:31:52,677 INFO Baseline hash stored for: C:\Users\Vaibhav Kant Nawani\ai_soc_detection_system\data\new_test.txt.enc
2026-03-14 21:31:52,677 INFO Baseline hash stored for: C:\Users\Vaibhav Kant Nawani\ai_soc_detection_system\data\wtf_test.txt.enc
2026-03-14 21:31:52,678 INFO Baseline hash stored for: C:\Users\Vaibhav Kant Nawani\ai_soc_detection_system\data\yoyo_test.txt.enc
2026-03-14 21:32:44,782 WARNING Failed login attempt detected: username=admin, ip=192.168.1.50
2026-03-14 21:32:44,983 WARNING Failed login attempt detected: username=admin, ip=192.168.1.50
2026-03-14 21:32:45,183 WARNING Failed login attempt detected: username=admin, ip=192.168.1.50
2026-03-14 21:32:45,384 WARNING Failed login attempt detected: username=admin, ip=192.168.1.50
2026-03-14 21:32:45,585 WARNING Failed login attempt detected: username=admin, ip=192.168.1.50
2026-03-14 21:32:45,786 WARNING Failed login attempt detected: username=admin, ip=192.168.1.50
2026-03-14 21:32:45,986 WARNING Failed login attempt detected: username=admin, ip=192.168.1.50
2026-03-14 21:32:46,187 WARNING Failed login attempt detected: username=admin, ip=192.168.1.50
2026-03-14 21:32:46,388 WARNING Failed login attempt detected: username=admin, ip=192.168.1.50
2026-03-14 21:32:46,589 WARNING Failed login attempt detected: username=admin, ip=192.168.1.50
2026-03-14 21:32:46,790 WARNING Failed login attempt detected: username=admin, ip=192.168.1.50
2026-03-14 21:32:46,991 WARNING Failed login attempt detected: username=admin, ip=192.168.1.50
2026-03-14 21:32:47,191 WARNING Failed login attempt detected: username=admin, ip=192.168.1.50
2026-03-14 21:32:47,392 WARNING Failed login attempt detected: username=admin, ip=192.168.1.50
2026-03-14 21:32:47,594 WARNING Failed login attempt detected: username=admin, ip=192.168.1.50
2026-03-15 12:54:27,380 INFO Baseline hash stored for: C:\Users\Vaibhav Kant Nawani\ai_soc_detection_system\data\hi_test.txt.enc
2026-03-15 12:54:27,384 INFO Baseline hash stored for: C:\Users\Vaibhav Kant Nawani\ai_soc_detection_system\data\lala_test.txt.enc
2026-03-15 12:54:27,386 INFO Baseline hash stored for: C:\Users\Vaibhav Kant Nawani\ai_soc_detection_system\data\new_test.txt.enc
2026-03-15 12:54:27,388 INFO Baseline hash stored for: C:\Users\Vaibhav Kant Nawani\ai_soc_detection_system\data\wtf_test.txt.enc
2026-03-15 12:54:27,389 INFO Baseline hash stored for: C:\Users\Vaibhav Kant Nawani\ai_soc_detection_system\data\yoyo_test.txt.enc
